This file contains any messages produced by compilers while
running configure, to aid debugging if configure makes a mistake.

It was created by guitartune configure 0.1, which was
generated by GNU Autoconf 2.63.  Invocation command line was

  $ ./configure --host=arm-angstrom-linux-gnueabi --prefix=/usr/local/openmoko/arm/arm-angstrom-linux-gnueabi/usr

## --------- ##
## Platform. ##
## --------- ##

hostname = ito-desktop
uname -m = x86_64
uname -r = 2.6.28-11-generic
uname -s = Linux
uname -v = #42-Ubuntu SMP Fri Apr 17 01:58:03 UTC 2009

/usr/bin/uname -p = unknown
/bin/uname -X     = unknown

/bin/arch              = unknown
/usr/bin/arch -k       = unknown
/usr/convex/getsysinfo = unknown
/usr/bin/hostinfo      = unknown
/bin/machine           = unknown
/usr/bin/oslevel       = unknown
/bin/universe          = unknown

PATH: /usr/local/openmoko/arm/bin
PATH: /usr/local/sbin
PATH: /usr/local/bin
PATH: /usr/sbin
PATH: /usr/bin
PATH: /sbin
PATH: /bin
PATH: /usr/X11R6/bin


## ----------- ##
## Core tests. ##
## ----------- ##

configure:1979: loading site script /usr/local/openmoko/arm/site-config
| ac_cv_c_littleendian=${ac_cv_c_littleendian=yes}
| ac_cv_c_bigendian=${ac_cv_c_bigendian=no}
| 
| # libnet
| ac_cv_libnet_endianess=${ac_cv_libnet_endianess=lil}
| 
| # apr
| ac_cv_file__dev_zero=${ac_cv_file__dev_zero=yes}
| # general
| ac_cv_have_decl_sys_siglist=${ac_cv_have_decl_sys_siglist=yes}
| ac_cv_func_malloc_0_nonnull=${ac_cv_func_malloc_0_nonnull=yes}
| ac_cv_func_memcmp_working=${ac_cv_func_memcmp_working=yes}
| ac_cv_type_uid_t={ac_cv_type_uid_t=yes}
| 
| # bash
| bash_cv_under_sys_siglist=${bash_cv_under_sys_siglist=yes}
| bash_cv_sys_siglist=${bash_cv_sys_siglist=yes}
| 
| # clamav
| clamav_av_func_working_snprintf_long=${clamav_av_func_working_snprintf_long=yes}
| clamav_av_have_in_port_t=${clamav_av_have_in_port_t=yes}
| clamav_av_have_in_addr_t=${clamav_av_have_in_addr_t=yes}
| ac_cv_func_mmap_fixed_mapped=${ac_cv_func_mmap_fixed_mapped=yes}
| 
| # glib
| glib_cv_strlcpy=${glib_cv_strlcpy=no}
| ac_cv_func_printf_unix98=${ac_cv_func_printf_unix98=yes}
| ac_cv_func_snprintf_c99=${ac_cv_func_snprintf_c99=yes}
| ac_cv_func_vsnprintf_c99=${ac_cv_func_vsnprintf_c99=yes}
| glib_cv_compliant_posix_memalign=${glib_cv_compliant_posix_memalign=1}
| glib_cv_long_long_format=${glib_cv_long_long_format=ll}
| 
| #dbus-glib
| ac_cv_have_abstract_sockets=${ac_cv_have_abstract_sockets=yes}
| 
| # gnucash
| am_cv_scanf_lld=${am_cv_scanf_lld=yes}
| 
| # mono
| mono_cv_uscore=${mono_cv_uscore=no}
| 
| # guile
| ac_cv_func_pthread_attr_getstack=${ac_cv_func_pthread_attr_getstack=yes}
| 
| #gcc-zlib
| ac_cv_func_getpagesize=${ac_cv_func_getpagesize=yes}
| ac_cv_func_memcpy=${ac_cv_func_memcpy=yes}
| ac_cv_func_strerror=${ac_cv_func_strerror=yes}
| 
| # squid
| ac_cv_af_unix_large_dgram=${ac_cv_af_unix_large_dgram=yes}
| ac_cv_func_setresuid=${ac_cv_func_setresuid=yes}
| ac_cv_func_va_copy=${ac_cv_func_va_copy=yes}
| ac_cv_func___va_copy=${ac_cv_func___va_copy=yes}
| ac_cv_epoll_works=${ac_cv_epoll_works=yes}
| 
| #git
| ac_cv_fread_reads_directories=${ac_cv_fread_reads_directories=yes}
| # pth
| ac_cv_check_sjlj=ssjlj
| ac_cv_func_getpgrp_void=${ac_cv_func_getpgrp_void=yes}
| ac_cv_func_getpwuid_r=${ac_cv_func_getpwuid_r=yes}
| ac_cv_func_lstat_dereferences_slashed_symlink=${ac_cv_func_lstat_dereferences_slashed_symlink=yes}
| ac_cv_func_lstat_empty_string_bug=${ac_cv_func_lstat_empty_string_bug=no}
| ac_cv_func_malloc_0_nonnull=${ac_cv_func_malloc_0_nonnull=yes}
| ac_cv_func_posix_getpwnam_r=${ac_cv_func_posix_getpwnam_r=yes}
| ac_cv_func_posix_getpwuid_r=${ac_cv_func_posix_getpwuid_r=yes}
| ac_cv_func_setpgrp_void=${ac_cv_func_setpgrp_void=yes}
| ac_cv_func_setvbuf_reversed=${ac_cv_func_setvbuf_reversed=no}
| ac_cv_func_stat_empty_string_bug=${ac_cv_func_stat_empty_string_bug=no}
| ac_cv_func_stat_ignores_trailing_slash=${ac_cv_func_stat_ignores_trailing_slash=no}
| ac_libnet_have_packet_socket=${ac_libnet_have_packet_socket=yes}
| ac_cv_linux_vers=${ac_cv_linux_vers=2}
| ac_cv_need_trio=${ac_cv_need_trio=no}
| ac_cv_sizeof_char=${ac_cv_sizeof_char=1}
| ac_cv_sizeof_int=${ac_cv_sizeof_int=4}
| ac_cv_sizeof___int64=${ac_cv_sizeof___int64=0}
| ac_cv_sizeof_long=${ac_cv_sizeof_long=8}
| ac_cv_sizeof_long_double=${ac_cv_sizeof_long_double=16}
| ac_cv_sizeof_long_int=${ac_cv_sizeof_long_int=8}
| ac_cv_sizeof_long_long=${ac_cv_sizeof_long_long=8}
| ac_cv_sizeof_off_t=${ac_cv_sizeof_off_t=8}
| ac_cv_sizeof_short=${ac_cv_sizeof_short=2}
| ac_cv_sizeof_short_int=${ac_cv_sizeof_short_int=2}
| ac_cv_sizeof_size_t=${ac_cv_sizeof_size_t=8}
| ac_cv_sizeof_void_p=${ac_cv_sizeof_void_p=8}
| ac_cv_strerror_r_SUSv3=${ac_cv_strerror_r_SUSv3=no}
| bash_cv_have_mbstate_t=${bash_cv_have_mbstate_t=yes}
| db_cv_alignp_t=${db_cv_alignp_t='unsigned long long'}
| db_cv_align_t=${db_cv_align_t='unsigned long long'}
| db_cv_fcntl_f_setfd=${db_cv_fcntl_f_setfd=yes}
| db_cv_mutex=${db_cv_mutex=POSIX/pthreads/library}
| db_cv_path_ar=${db_cv_path_ar=/usr/bin/ar}
| db_cv_path_chmod=${db_cv_path_chmod=/bin/chmod}
| db_cv_path_cp=${db_cv_path_cp=/bin/cp}
| db_cv_path_ln=${db_cv_path_ln=/bin/ln}
| db_cv_path_mkdir=${db_cv_path_mkdir=/bin/mkdir}
| db_cv_path_ranlib=${db_cv_path_ranlib=/usr/bin/ranlib}
| db_cv_path_rm=${db_cv_path_rm=/bin/rm}
| db_cv_path_sh=${db_cv_path_sh=/bin/sh}
| db_cv_path_strip=${db_cv_path_strip=/usr/bin/strip}
| db_cv_posixmutexes=${db_cv_posixmutexes=no}
| db_cv_sprintf_count=${db_cv_sprintf_count=yes}
| db_cv_uimutexes=${db_cv_uimutexes=no}
| glib_cv_hasinline=${glib_cv_hasinline=yes}
| glib_cv_has__inline=${glib_cv_has__inline=yes}
| glib_cv_has__inline__=${glib_cv_has__inline__=yes}
| glib_cv_long_long_format=${glib_cv_long_long_format=ll}
| glib_cv_rtldglobal_broken=${glib_cv_rtldglobal_broken=yes}
| glib_cv_sane_realloc=${glib_cv_sane_realloc=yes}
| glib_cv_sizeof_gmutex=${glib_cv_sizeof_gmutex=40}
| glib_cv_sizeof_intmax_t=${glib_cv_sizeof_intmax_t=8}
| glib_cv_sizeof_ptrdiff_t=${glib_cv_sizeof_ptrdiff_t=8}
| glib_cv_sizeof_size_t=${glib_cv_sizeof_size_t=8}
| glib_cv_sizeof_system_thread=${glib_cv_sizeof_system_thread=8}
| glib_cv_stack_grows=${glib_cv_stack_grows=no}
| glib_cv_sys_pthread_cond_timedwait_posix=${glib_cv_sys_pthread_cond_timedwait_posix=yes}
| glib_cv_sys_pthread_getspecific_posix=${glib_cv_sys_pthread_getspecific_posix=yes}
| glib_cv_sys_pthread_mutex_trylock_posix=${glib_cv_sys_pthread_mutex_trylock_posix=yes}
| glib_cv_uscore=${glib_cv_uscore=no}
| glib_cv___va_copy=${glib_cv___va_copy=yes}
| glib_cv_va_copy=${glib_cv_va_copy=yes}
| glib_cv_va_val_copy=${glib_cv_va_val_copy=no}
| lftp_cv_va_copy=${lftp_cv_va_copy=yes}
| nano_cv_func_regexec_segv_emptystr=${nano_cv_func_regexec_segv_emptystr=no}
| samba_cv_HAVE_VA_COPY=${samba_cv_HAVE_VA_COPY=yes}
| screen_cv_sys_bcopy_overlap=${screen_cv_sys_bcopy_overlap=no}
| screen_cv_sys_fifo_broken_impl=${screen_cv_sys_fifo_broken_impl=yes}
| screen_cv_sys_fifo_usable=${screen_cv_sys_fifo_usable=yes}
| screen_cv_sys_memcpy_overlap=${screen_cv_sys_memcpy_overlap=no}
| screen_cv_sys_memmove_overlap=${screen_cv_sys_memmove_overlap=no}
| screen_cv_sys_select_broken_retval=${screen_cv_sys_select_broken_retval=no}
| screen_cv_sys_sockets_nofs=${screen_cv_sys_sockets_nofs=no}
| screen_cv_sys_sockets_usable=${screen_cv_sys_sockets_usable=yes}
| screen_cv_sys_terminfo_used=${screen_cv_sys_terminfo_used=yes}
| utils_cv_sys_open_max=${utils_cv_sys_open_max=1015}
| 
| # gettext
| am_cv_func_working_getline=${am_cv_func_working_getline=yes}
| 
| #gcc
| ac_cv_lib_m_sin=${ac_cv_lib_m_sin=yes}
| # libelf
| mr_cv_target_elf=${mr_cv_target_elf=yes}
| 
| # Normally kernels have /dev/random enabled
| ac_cv_file__dev_random=${ac_cv_file__dev_random=yes}
| 
| # does compiler handle IEEE math?
| rd_cv_ieee_works=${rd_cv_ieee_works=yes}
| # libelf
| mr_cv_target_elf=${mr_cv_target_elf=yes}
| 
| # Normally kernels have /dev/random enabled
| ac_cv_file__dev_random=${ac_cv_file__dev_random=yes}
| 
| # does compiler handle IEEE math?
| rd_cv_ieee_works=${rd_cv_ieee_works=yes}
configure:2142: checking for a BSD-compatible install
configure:2210: result: /usr/bin/install -c
configure:2221: checking whether build environment is sane
configure:2264: result: yes
configure:2289: checking for a thread-safe mkdir -p
configure:2328: result: /bin/mkdir -p
configure:2341: checking for gawk
configure:2371: result: no
configure:2341: checking for mawk
configure:2357: found /usr/bin/mawk
configure:2368: result: mawk
configure:2379: checking whether make sets $(MAKE)
configure:2401: result: yes
configure:2481: checking for arm-angstrom-linux-gnueabi-strip
configure:2508: result: arm-angstrom-linux-gnueabi-strip
configure:2587: checking whether to enable maintainer-specific portions of Makefiles
configure:2596: result: no
configure:2622: checking for style of include used by make
configure:2650: result: GNU
configure:2680: checking for arm-angstrom-linux-gnueabi-gcc
configure:2707: result: ccache arm-angstrom-linux-gnueabi-gcc -march=armv4t -mtune=arm920t
configure:2979: checking for C compiler version
configure:2987: ccache arm-angstrom-linux-gnueabi-gcc -march=armv4t -mtune=arm920t --version >&5
arm-angstrom-linux-gnueabi-gcc (GCC) 4.1.2
Copyright (C) 2006 Free Software Foundation, Inc.
This is free software; see the source for copying conditions.  There is NO
warranty; not even for MERCHANTABILITY or FITNESS FOR A PARTICULAR PURPOSE.

configure:2991: $? = 0
configure:2998: ccache arm-angstrom-linux-gnueabi-gcc -march=armv4t -mtune=arm920t -v >&5
Using built-in specs.
Target: arm-angstrom-linux-gnueabi
Configured with: /home/build/internal-daily-build/build/testing/work/x86_64-armv4t-sdk-angstrom-linux-gnueabi/gcc-cross-sdk-4.1.2-r8/gcc-4.1.2/configure --build=x86_64-linux --host=x86_64-linux --target=arm-angstrom-linux-gnueabi --prefix=/usr/local/openmoko/arm --exec_prefix=/usr/local/openmoko/arm --bindir=/usr/local/openmoko/arm/bin --sbindir=/usr/local/openmoko/arm/bin --libexecdir=/usr/local/openmoko/arm/libexec --datadir=/usr/local/openmoko/arm/share --sysconfdir=/usr/local/openmoko/arm/etc --sharedstatedir=/usr/local/openmoko/arm/share/com --localstatedir=/usr/local/openmoko/arm/var --libdir=/usr/local/openmoko/arm/lib --includedir=/usr/local/openmoko/arm/include --oldincludedir=/usr/local/openmoko/arm/include --infodir=/usr/local/openmoko/arm/share/info --mandir=/usr/local/openmoko/arm/share/man --with-gnu-ld --enable-shared --enable-target-optspace --enable-languages=c,c++,objc --enable-threads=posix --enable-multilib --enable-c99 --enable-long-long --enable-symvers=gnu --enable-libstdcxx-pch --program-prefix=arm-angstrom-linux-gnueabi- --disable-libssp --disable-libmudflap --with-float=soft --with-local-prefix=/home/build/internal-daily-build/build/testing/staging/arm-angstrom-linux-gnueabi/usr --with-gxx-include-dir=/home/build/internal-daily-build/build/testing/staging/arm-angstrom-linux-gnueabi//usr/include/c++ --with-sysroot=/usr/local/openmoko/arm/arm-angstrom-linux-gnueabi --with-build-time-tools=/home/build/internal-daily-build/build/testing/cross/arm-angstrom-linux-gnueabi/bin --with-build-sysroot=/home/build/internal-daily-build/build/testing/staging/arm-angstrom-linux-gnueabi --disable-libunwind-exceptions --with-mpfr=/home/build/internal-daily-build/build/testing/staging/x86_64-linux/usr --enable-__cxa_atexit
Thread model: posix
gcc version 4.1.2
configure:3002: $? = 0
configure:3009: ccache arm-angstrom-linux-gnueabi-gcc -march=armv4t -mtune=arm920t -V >&5
arm-angstrom-linux-gnueabi-gcc: '-V' must come at the start of the command line
configure:3013: $? = 1
configure:3036: checking for C compiler default output file name
configure:3058: ccache arm-angstrom-linux-gnueabi-gcc -march=armv4t -mtune=arm920t -isystem/usr/local/openmoko/arm/arm-angstrom-linux-gnueabi/include -fexpensive-optimizations -fomit-frame-pointer -frename-registers -O2 -isystem/usr/local/openmoko/arm/arm-angstrom-linux-gnueabi/include -L/usr/local/openmoko/arm/arm-angstrom-linux-gnueabi/lib -Wl,-rpath-link,/usr/local/openmoko/arm/arm-angstrom-linux-gnueabi/lib -Wl,-O1 conftest.c  >&5
configure:3062: $? = 0
configure:3100: result: a.out
configure:3119: checking whether the C compiler works
configure:3129: ./a.out
./configure: line 3131: ./a.out: cannot execute binary file
configure:3133: $? = 126
configure:3152: result: yes
configure:3159: checking whether we are cross compiling
configure:3161: result: yes
configure:3164: checking for suffix of executables
configure:3171: ccache arm-angstrom-linux-gnueabi-gcc -march=armv4t -mtune=arm920t -o conftest -isystem/usr/local/openmoko/arm/arm-angstrom-linux-gnueabi/include -fexpensive-optimizations -fomit-frame-pointer -frename-registers -O2 -isystem/usr/local/openmoko/arm/arm-angstrom-linux-gnueabi/include -L/usr/local/openmoko/arm/arm-angstrom-linux-gnueabi/lib -Wl,-rpath-link,/usr/local/openmoko/arm/arm-angstrom-linux-gnueabi/lib -Wl,-O1 conftest.c  >&5
configure:3175: $? = 0
configure:3201: result: 
configure:3207: checking for suffix of object files
configure:3233: ccache arm-angstrom-linux-gnueabi-gcc -march=armv4t -mtune=arm920t -c -isystem/usr/local/openmoko/arm/arm-angstrom-linux-gnueabi/include -fexpensive-optimizations -fomit-frame-pointer -frename-registers -O2 -isystem/usr/local/openmoko/arm/arm-angstrom-linux-gnueabi/include conftest.c >&5
configure:3237: $? = 0
configure:3262: result: o
configure:3266: checking whether we are using the GNU C compiler
configure:3295: ccache arm-angstrom-linux-gnueabi-gcc -march=armv4t -mtune=arm920t -c -isystem/usr/local/openmoko/arm/arm-angstrom-linux-gnueabi/include -fexpensive-optimizations -fomit-frame-pointer -frename-registers -O2 -isystem/usr/local/openmoko/arm/arm-angstrom-linux-gnueabi/include conftest.c >&5
configure:3302: $? = 0
configure:3319: result: yes
configure:3328: checking whether ccache arm-angstrom-linux-gnueabi-gcc -march=armv4t -mtune=arm920t accepts -g
configure:3358: ccache arm-angstrom-linux-gnueabi-gcc -march=armv4t -mtune=arm920t -c -g -isystem/usr/local/openmoko/arm/arm-angstrom-linux-gnueabi/include conftest.c >&5
configure:3365: $? = 0
configure:3466: result: yes
configure:3483: checking for ccache arm-angstrom-linux-gnueabi-gcc -march=armv4t -mtune=arm920t option to accept ISO C89
configure:3557: ccache arm-angstrom-linux-gnueabi-gcc -march=armv4t -mtune=arm920t  -c -isystem/usr/local/openmoko/arm/arm-angstrom-linux-gnueabi/include -fexpensive-optimizations -fomit-frame-pointer -frename-registers -O2 -isystem/usr/local/openmoko/arm/arm-angstrom-linux-gnueabi/include conftest.c >&5
configure:3564: $? = 0
configure:3587: result: none needed
configure:3607: checking dependency style of ccache arm-angstrom-linux-gnueabi-gcc -march=armv4t -mtune=arm920t
configure:3698: result: gcc3
configure:3714: checking for library containing strerror
configure:3755: ccache arm-angstrom-linux-gnueabi-gcc -march=armv4t -mtune=arm920t -o conftest -isystem/usr/local/openmoko/arm/arm-angstrom-linux-gnueabi/include -fexpensive-optimizations -fomit-frame-pointer -frename-registers -O2 -isystem/usr/local/openmoko/arm/arm-angstrom-linux-gnueabi/include -L/usr/local/openmoko/arm/arm-angstrom-linux-gnueabi/lib -Wl,-rpath-link,/usr/local/openmoko/arm/arm-angstrom-linux-gnueabi/lib -Wl,-O1 conftest.c  >&5
configure:3762: $? = 0
configure:3793: result: none required
configure:3809: checking for arm-angstrom-linux-gnueabi-gcc
configure:3836: result: ccache arm-angstrom-linux-gnueabi-gcc -march=armv4t -mtune=arm920t
configure:4108: checking for C compiler version
configure:4116: ccache arm-angstrom-linux-gnueabi-gcc -march=armv4t -mtune=arm920t --version >&5
arm-angstrom-linux-gnueabi-gcc (GCC) 4.1.2
Copyright (C) 2006 Free Software Foundation, Inc.
This is free software; see the source for copying conditions.  There is NO
warranty; not even for MERCHANTABILITY or FITNESS FOR A PARTICULAR PURPOSE.

configure:4120: $? = 0
configure:4127: ccache arm-angstrom-linux-gnueabi-gcc -march=armv4t -mtune=arm920t -v >&5
Using built-in specs.
Target: arm-angstrom-linux-gnueabi
Configured with: /home/build/internal-daily-build/build/testing/work/x86_64-armv4t-sdk-angstrom-linux-gnueabi/gcc-cross-sdk-4.1.2-r8/gcc-4.1.2/configure --build=x86_64-linux --host=x86_64-linux --target=arm-angstrom-linux-gnueabi --prefix=/usr/local/openmoko/arm --exec_prefix=/usr/local/openmoko/arm --bindir=/usr/local/openmoko/arm/bin --sbindir=/usr/local/openmoko/arm/bin --libexecdir=/usr/local/openmoko/arm/libexec --datadir=/usr/local/openmoko/arm/share --sysconfdir=/usr/local/openmoko/arm/etc --sharedstatedir=/usr/local/openmoko/arm/share/com --localstatedir=/usr/local/openmoko/arm/var --libdir=/usr/local/openmoko/arm/lib --includedir=/usr/local/openmoko/arm/include --oldincludedir=/usr/local/openmoko/arm/include --infodir=/usr/local/openmoko/arm/share/info --mandir=/usr/local/openmoko/arm/share/man --with-gnu-ld --enable-shared --enable-target-optspace --enable-languages=c,c++,objc --enable-threads=posix --enable-multilib --enable-c99 --enable-long-long --enable-symvers=gnu --enable-libstdcxx-pch --program-prefix=arm-angstrom-linux-gnueabi- --disable-libssp --disable-libmudflap --with-float=soft --with-local-prefix=/home/build/internal-daily-build/build/testing/staging/arm-angstrom-linux-gnueabi/usr --with-gxx-include-dir=/home/build/internal-daily-build/build/testing/staging/arm-angstrom-linux-gnueabi//usr/include/c++ --with-sysroot=/usr/local/openmoko/arm/arm-angstrom-linux-gnueabi --with-build-time-tools=/home/build/internal-daily-build/build/testing/cross/arm-angstrom-linux-gnueabi/bin --with-build-sysroot=/home/build/internal-daily-build/build/testing/staging/arm-angstrom-linux-gnueabi --disable-libunwind-exceptions --with-mpfr=/home/build/internal-daily-build/build/testing/staging/x86_64-linux/usr --enable-__cxa_atexit
Thread model: posix
gcc version 4.1.2
configure:4131: $? = 0
configure:4138: ccache arm-angstrom-linux-gnueabi-gcc -march=armv4t -mtune=arm920t -V >&5
arm-angstrom-linux-gnueabi-gcc: '-V' must come at the start of the command line
configure:4142: $? = 1
configure:4145: checking whether we are using the GNU C compiler
configure:4198: result: yes
configure:4207: checking whether ccache arm-angstrom-linux-gnueabi-gcc -march=armv4t -mtune=arm920t accepts -g
configure:4345: result: yes
configure:4362: checking for ccache arm-angstrom-linux-gnueabi-gcc -march=armv4t -mtune=arm920t option to accept ISO C89
configure:4466: result: none needed
configure:4486: checking dependency style of ccache arm-angstrom-linux-gnueabi-gcc -march=armv4t -mtune=arm920t
configure:4577: result: gcc3
configure:4600: checking for arm-angstrom-linux-gnueabi-gcc
configure:4627: result: ccache arm-angstrom-linux-gnueabi-gcc -march=armv4t -mtune=arm920t
configure:4899: checking for C compiler version
configure:4907: ccache arm-angstrom-linux-gnueabi-gcc -march=armv4t -mtune=arm920t --version >&5
arm-angstrom-linux-gnueabi-gcc (GCC) 4.1.2
Copyright (C) 2006 Free Software Foundation, Inc.
This is free software; see the source for copying conditions.  There is NO
warranty; not even for MERCHANTABILITY or FITNESS FOR A PARTICULAR PURPOSE.

configure:4911: $? = 0
configure:4918: ccache arm-angstrom-linux-gnueabi-gcc -march=armv4t -mtune=arm920t -v >&5
Using built-in specs.
Target: arm-angstrom-linux-gnueabi
Configured with: /home/build/internal-daily-build/build/testing/work/x86_64-armv4t-sdk-angstrom-linux-gnueabi/gcc-cross-sdk-4.1.2-r8/gcc-4.1.2/configure --build=x86_64-linux --host=x86_64-linux --target=arm-angstrom-linux-gnueabi --prefix=/usr/local/openmoko/arm --exec_prefix=/usr/local/openmoko/arm --bindir=/usr/local/openmoko/arm/bin --sbindir=/usr/local/openmoko/arm/bin --libexecdir=/usr/local/openmoko/arm/libexec --datadir=/usr/local/openmoko/arm/share --sysconfdir=/usr/local/openmoko/arm/etc --sharedstatedir=/usr/local/openmoko/arm/share/com --localstatedir=/usr/local/openmoko/arm/var --libdir=/usr/local/openmoko/arm/lib --includedir=/usr/local/openmoko/arm/include --oldincludedir=/usr/local/openmoko/arm/include --infodir=/usr/local/openmoko/arm/share/info --mandir=/usr/local/openmoko/arm/share/man --with-gnu-ld --enable-shared --enable-target-optspace --enable-languages=c,c++,objc --enable-threads=posix --enable-multilib --enable-c99 --enable-long-long --enable-symvers=gnu --enable-libstdcxx-pch --program-prefix=arm-angstrom-linux-gnueabi- --disable-libssp --disable-libmudflap --with-float=soft --with-local-prefix=/home/build/internal-daily-build/build/testing/staging/arm-angstrom-linux-gnueabi/usr --with-gxx-include-dir=/home/build/internal-daily-build/build/testing/staging/arm-angstrom-linux-gnueabi//usr/include/c++ --with-sysroot=/usr/local/openmoko/arm/arm-angstrom-linux-gnueabi --with-build-time-tools=/home/build/internal-daily-build/build/testing/cross/arm-angstrom-linux-gnueabi/bin --with-build-sysroot=/home/build/internal-daily-build/build/testing/staging/arm-angstrom-linux-gnueabi --disable-libunwind-exceptions --with-mpfr=/home/build/internal-daily-build/build/testing/staging/x86_64-linux/usr --enable-__cxa_atexit
Thread model: posix
gcc version 4.1.2
configure:4922: $? = 0
configure:4929: ccache arm-angstrom-linux-gnueabi-gcc -march=armv4t -mtune=arm920t -V >&5
arm-angstrom-linux-gnueabi-gcc: '-V' must come at the start of the command line
configure:4933: $? = 1
configure:4936: checking whether we are using the GNU C compiler
configure:4989: result: yes
configure:4998: checking whether ccache arm-angstrom-linux-gnueabi-gcc -march=armv4t -mtune=arm920t accepts -g
configure:5136: result: yes
configure:5153: checking for ccache arm-angstrom-linux-gnueabi-gcc -march=armv4t -mtune=arm920t option to accept ISO C89
configure:5257: result: none needed
configure:5277: checking dependency style of ccache arm-angstrom-linux-gnueabi-gcc -march=armv4t -mtune=arm920t
configure:5368: result: gcc3
configure:5391: checking how to run the C preprocessor
configure:5509: result: arm-angstrom-linux-gnueabi-gcc -E
configure:5538: arm-angstrom-linux-gnueabi-gcc -E -isystem/usr/local/openmoko/arm/arm-angstrom-linux-gnueabi/include conftest.c
configure:5545: $? = 0
configure:5576: arm-angstrom-linux-gnueabi-gcc -E -isystem/usr/local/openmoko/arm/arm-angstrom-linux-gnueabi/include conftest.c
conftest.c:10:28: error: ac_nonexistent.h: No such file or directory
configure:5583: $? = 1
configure: failed program was:
| /* confdefs.h.  */
| #define PACKAGE_NAME "guitartune"
| #define PACKAGE_TARNAME "guitartune"
| #define PACKAGE_VERSION "0.1"
| #define PACKAGE_STRING "guitartune 0.1"
| #define PACKAGE_BUGREPORT ""
| #define PACKAGE "guitartune"
| #define VERSION "0.1"
| /* end confdefs.h.  */
| #include <ac_nonexistent.h>
configure:5623: checking for grep that handles long lines and -e
configure:5683: result: /bin/grep
configure:5688: checking for egrep
configure:5752: result: /bin/grep -E
configure:5757: checking for ANSI C header files
configure:5787: ccache arm-angstrom-linux-gnueabi-gcc -march=armv4t -mtune=arm920t -c -isystem/usr/local/openmoko/arm/arm-angstrom-linux-gnueabi/include -fexpensive-optimizations -fomit-frame-pointer -frename-registers -O2 -isystem/usr/local/openmoko/arm/arm-angstrom-linux-gnueabi/include conftest.c >&5
configure:5794: $? = 0
configure:5925: result: yes
configure:5960: checking for sys/types.h
configure:5981: ccache arm-angstrom-linux-gnueabi-gcc -march=armv4t -mtune=arm920t -c -isystem/usr/local/openmoko/arm/arm-angstrom-linux-gnueabi/include -fexpensive-optimizations -fomit-frame-pointer -frename-registers -O2 -isystem/usr/local/openmoko/arm/arm-angstrom-linux-gnueabi/include conftest.c >&5
configure:5988: $? = 0
configure:6005: result: yes
configure:5960: checking for sys/stat.h
configure:5981: ccache arm-angstrom-linux-gnueabi-gcc -march=armv4t -mtune=arm920t -c -isystem/usr/local/openmoko/arm/arm-angstrom-linux-gnueabi/include -fexpensive-optimizations -fomit-frame-pointer -frename-registers -O2 -isystem/usr/local/openmoko/arm/arm-angstrom-linux-gnueabi/include conftest.c >&5
configure:5988: $? = 0
configure:6005: result: yes
configure:5960: checking for stdlib.h
configure:5981: ccache arm-angstrom-linux-gnueabi-gcc -march=armv4t -mtune=arm920t -c -isystem/usr/local/openmoko/arm/arm-angstrom-linux-gnueabi/include -fexpensive-optimizations -fomit-frame-pointer -frename-registers -O2 -isystem/usr/local/openmoko/arm/arm-angstrom-linux-gnueabi/include conftest.c >&5
configure:5988: $? = 0
configure:6005: result: yes
configure:5960: checking for string.h
configure:5981: ccache arm-angstrom-linux-gnueabi-gcc -march=armv4t -mtune=arm920t -c -isystem/usr/local/openmoko/arm/arm-angstrom-linux-gnueabi/include -fexpensive-optimizations -fomit-frame-pointer -frename-registers -O2 -isystem/usr/local/openmoko/arm/arm-angstrom-linux-gnueabi/include conftest.c >&5
configure:5988: $? = 0
configure:6005: result: yes
configure:5960: checking for memory.h
configure:5981: ccache arm-angstrom-linux-gnueabi-gcc -march=armv4t -mtune=arm920t -c -isystem/usr/local/openmoko/arm/arm-angstrom-linux-gnueabi/include -fexpensive-optimizations -fomit-frame-pointer -frename-registers -O2 -isystem/usr/local/openmoko/arm/arm-angstrom-linux-gnueabi/include conftest.c >&5
configure:5988: $? = 0
configure:6005: result: yes
configure:5960: checking for strings.h
configure:5981: ccache arm-angstrom-linux-gnueabi-gcc -march=armv4t -mtune=arm920t -c -isystem/usr/local/openmoko/arm/arm-angstrom-linux-gnueabi/include -fexpensive-optimizations -fomit-frame-pointer -frename-registers -O2 -isystem/usr/local/openmoko/arm/arm-angstrom-linux-gnueabi/include conftest.c >&5
configure:5988: $? = 0
configure:6005: result: yes
configure:5960: checking for inttypes.h
configure:5981: ccache arm-angstrom-linux-gnueabi-gcc -march=armv4t -mtune=arm920t -c -isystem/usr/local/openmoko/arm/arm-angstrom-linux-gnueabi/include -fexpensive-optimizations -fomit-frame-pointer -frename-registers -O2 -isystem/usr/local/openmoko/arm/arm-angstrom-linux-gnueabi/include conftest.c >&5
configure:5988: $? = 0
configure:6005: result: yes
configure:5960: checking for stdint.h
configure:5981: ccache arm-angstrom-linux-gnueabi-gcc -march=armv4t -mtune=arm920t -c -isystem/usr/local/openmoko/arm/arm-angstrom-linux-gnueabi/include -fexpensive-optimizations -fomit-frame-pointer -frename-registers -O2 -isystem/usr/local/openmoko/arm/arm-angstrom-linux-gnueabi/include conftest.c >&5
configure:5988: $? = 0
configure:6005: result: yes
configure:5960: checking for unistd.h
configure:5981: ccache arm-angstrom-linux-gnueabi-gcc -march=armv4t -mtune=arm920t -c -isystem/usr/local/openmoko/arm/arm-angstrom-linux-gnueabi/include -fexpensive-optimizations -fomit-frame-pointer -frename-registers -O2 -isystem/usr/local/openmoko/arm/arm-angstrom-linux-gnueabi/include conftest.c >&5
configure:5988: $? = 0
configure:6005: result: yes
configure:6036: checking locale.h usability
configure:6053: ccache arm-angstrom-linux-gnueabi-gcc -march=armv4t -mtune=arm920t -c -isystem/usr/local/openmoko/arm/arm-angstrom-linux-gnueabi/include -fexpensive-optimizations -fomit-frame-pointer -frename-registers -O2 -isystem/usr/local/openmoko/arm/arm-angstrom-linux-gnueabi/include conftest.c >&5
configure:6060: $? = 0
configure:6074: result: yes
configure:6078: checking locale.h presence
configure:6093: arm-angstrom-linux-gnueabi-gcc -E -isystem/usr/local/openmoko/arm/arm-angstrom-linux-gnueabi/include conftest.c
configure:6100: $? = 0
configure:6114: result: yes
configure:6142: checking for locale.h
configure:6151: result: yes
configure:6167: checking for LC_MESSAGES
configure:6193: ccache arm-angstrom-linux-gnueabi-gcc -march=armv4t -mtune=arm920t -o conftest -isystem/usr/local/openmoko/arm/arm-angstrom-linux-gnueabi/include -fexpensive-optimizations -fomit-frame-pointer -frename-registers -O2 -isystem/usr/local/openmoko/arm/arm-angstrom-linux-gnueabi/include -L/usr/local/openmoko/arm/arm-angstrom-linux-gnueabi/lib -Wl,-rpath-link,/usr/local/openmoko/arm/arm-angstrom-linux-gnueabi/lib -Wl,-O1 conftest.c  >&5
configure:6200: $? = 0
configure:6220: result: yes
configure:6249: checking libintl.h usability
configure:6266: ccache arm-angstrom-linux-gnueabi-gcc -march=armv4t -mtune=arm920t -c -isystem/usr/local/openmoko/arm/arm-angstrom-linux-gnueabi/include -fexpensive-optimizations -fomit-frame-pointer -frename-registers -O2 -isystem/usr/local/openmoko/arm/arm-angstrom-linux-gnueabi/include conftest.c >&5
configure:6273: $? = 0
configure:6287: result: yes
configure:6291: checking libintl.h presence
configure:6306: arm-angstrom-linux-gnueabi-gcc -E -isystem/usr/local/openmoko/arm/arm-angstrom-linux-gnueabi/include conftest.c
configure:6313: $? = 0
configure:6327: result: yes
configure:6355: checking for libintl.h
configure:6362: result: yes
configure:6373: checking for ngettext in libc
configure:6401: ccache arm-angstrom-linux-gnueabi-gcc -march=armv4t -mtune=arm920t -o conftest -isystem/usr/local/openmoko/arm/arm-angstrom-linux-gnueabi/include -fexpensive-optimizations -fomit-frame-pointer -frename-registers -O2 -isystem/usr/local/openmoko/arm/arm-angstrom-linux-gnueabi/include -L/usr/local/openmoko/arm/arm-angstrom-linux-gnueabi/lib -Wl,-rpath-link,/usr/local/openmoko/arm/arm-angstrom-linux-gnueabi/lib -Wl,-O1 conftest.c  >&5
configure:6408: $? = 0
configure:6429: result: yes
configure:6433: checking for dgettext in libc
configure:6461: ccache arm-angstrom-linux-gnueabi-gcc -march=armv4t -mtune=arm920t -o conftest -isystem/usr/local/openmoko/arm/arm-angstrom-linux-gnueabi/include -fexpensive-optimizations -fomit-frame-pointer -frename-registers -O2 -isystem/usr/local/openmoko/arm/arm-angstrom-linux-gnueabi/include -L/usr/local/openmoko/arm/arm-angstrom-linux-gnueabi/lib -Wl,-rpath-link,/usr/local/openmoko/arm/arm-angstrom-linux-gnueabi/lib -Wl,-O1 conftest.c  >&5
configure:6468: $? = 0
configure:6489: result: yes
configure:6498: checking for bind_textdomain_codeset
configure:6554: ccache arm-angstrom-linux-gnueabi-gcc -march=armv4t -mtune=arm920t -o conftest -isystem/usr/local/openmoko/arm/arm-angstrom-linux-gnueabi/include -fexpensive-optimizations -fomit-frame-pointer -frename-registers -O2 -isystem/usr/local/openmoko/arm/arm-angstrom-linux-gnueabi/include -L/usr/local/openmoko/arm/arm-angstrom-linux-gnueabi/lib -Wl,-rpath-link,/usr/local/openmoko/arm/arm-angstrom-linux-gnueabi/lib -Wl,-O1 conftest.c  >&5
configure:6561: $? = 0
configure:6583: result: yes
configure:7099: checking for msgfmt
configure:7126: result: /usr/bin/msgfmt
configure:7139: checking for dcgettext
configure:7195: ccache arm-angstrom-linux-gnueabi-gcc -march=armv4t -mtune=arm920t -o conftest -isystem/usr/local/openmoko/arm/arm-angstrom-linux-gnueabi/include -fexpensive-optimizations -fomit-frame-pointer -frename-registers -O2 -isystem/usr/local/openmoko/arm/arm-angstrom-linux-gnueabi/include -L/usr/local/openmoko/arm/arm-angstrom-linux-gnueabi/lib -Wl,-rpath-link,/usr/local/openmoko/arm/arm-angstrom-linux-gnueabi/lib -Wl,-O1 conftest.c   >&5
conftest.c:48: warning: conflicting types for built-in function 'dcgettext'
configure:7202: $? = 0
configure:7224: result: yes
configure:7237: checking if msgfmt accepts -c
configure:7252: $MSGFMT -c -o /dev/null conftest.foo
configure:7255: $? = 0
configure:7257: result: yes
configure:7267: checking for gmsgfmt
configure:7298: result: /usr/bin/msgfmt
configure:7308: checking for xgettext
configure:7335: result: /usr/bin/xgettext
configure:7364: ccache arm-angstrom-linux-gnueabi-gcc -march=armv4t -mtune=arm920t -o conftest -isystem/usr/local/openmoko/arm/arm-angstrom-linux-gnueabi/include -fexpensive-optimizations -fomit-frame-pointer -frename-registers -O2 -isystem/usr/local/openmoko/arm/arm-angstrom-linux-gnueabi/include -L/usr/local/openmoko/arm/arm-angstrom-linux-gnueabi/lib -Wl,-rpath-link,/usr/local/openmoko/arm/arm-angstrom-linux-gnueabi/lib -Wl,-O1 conftest.c   >&5
configure:7371: $? = 0
configure:7605: checking whether NLS is requested
configure:7614: result: yes
configure:7631: checking for intltool >= 0.35.0
configure:7638: result: 0.40.6 found
configure:7648: checking for intltool-update
configure:7666: found /usr/bin/intltool-update
configure:7678: result: /usr/bin/intltool-update
configure:7688: checking for intltool-merge
configure:7706: found /usr/bin/intltool-merge
configure:7718: result: /usr/bin/intltool-merge
configure:7728: checking for intltool-extract
configure:7746: found /usr/bin/intltool-extract
configure:7758: result: /usr/bin/intltool-extract
configure:7815: checking for xgettext
configure:7845: result: /usr/bin/xgettext
configure:7855: checking for msgmerge
configure:7873: found /usr/bin/msgmerge
configure:7885: result: /usr/bin/msgmerge
configure:7895: checking for msgfmt
configure:7925: result: /usr/bin/msgfmt
configure:7935: checking for gmsgfmt
configure:7966: result: /usr/bin/msgfmt
configure:7990: checking for perl
configure:8008: found /usr/bin/perl
configure:8020: result: /usr/bin/perl
configure:8039: checking for XML::Parser
configure:8042: result: ok
configure:8289: checking build system type
configure:8307: result: x86_64-unknown-linux-gnu
configure:8329: checking host system type
configure:8344: result: arm-angstrom-linux-gnueabi
configure:8366: checking for a sed that does not truncate output
configure:8422: result: /bin/sed
configure:8436: checking for ld used by ccache arm-angstrom-linux-gnueabi-gcc -march=armv4t -mtune=arm920t
configure:8503: result: arm-angstrom-linux-gnueabi-ld
configure:8512: checking if the linker (arm-angstrom-linux-gnueabi-ld) is GNU ld
configure:8527: result: yes
configure:8532: checking for arm-angstrom-linux-gnueabi-ld option to reload object files
configure:8539: result: -r
configure:8557: checking for BSD-compatible nm
configure:8606: result: /usr/local/openmoko/arm/bin/arm-angstrom-linux-gnueabi-nm -B
configure:8610: checking whether ln -s works
configure:8614: result: yes
configure:8621: checking how to recognize dependent libraries
configure:8807: result: pass_all
configure:9067: checking dlfcn.h usability
configure:9084: ccache arm-angstrom-linux-gnueabi-gcc -march=armv4t -mtune=arm920t -c -isystem/usr/local/openmoko/arm/arm-angstrom-linux-gnueabi/include -fexpensive-optimizations -fomit-frame-pointer -frename-registers -O2 -isystem/usr/local/openmoko/arm/arm-angstrom-linux-gnueabi/include conftest.c >&5
configure:9091: $? = 0
configure:9105: result: yes
configure:9109: checking dlfcn.h presence
configure:9124: arm-angstrom-linux-gnueabi-gcc -E -isystem/usr/local/openmoko/arm/arm-angstrom-linux-gnueabi/include conftest.c
configure:9131: $? = 0
configure:9145: result: yes
configure:9173: checking for dlfcn.h
configure:9182: result: yes
configure:9309: checking for C++ compiler version
configure:9317: ccache arm-angstrom-linux-gnueabi-g++ -march=armv4t -mtune=arm920t --version >&5
arm-angstrom-linux-gnueabi-g++ (GCC) 4.1.2
Copyright (C) 2006 Free Software Foundation, Inc.
This is free software; see the source for copying conditions.  There is NO
warranty; not even for MERCHANTABILITY or FITNESS FOR A PARTICULAR PURPOSE.

configure:9321: $? = 0
configure:9328: ccache arm-angstrom-linux-gnueabi-g++ -march=armv4t -mtune=arm920t -v >&5
Using built-in specs.
Target: arm-angstrom-linux-gnueabi
Configured with: /home/build/internal-daily-build/build/testing/work/x86_64-armv4t-sdk-angstrom-linux-gnueabi/gcc-cross-sdk-4.1.2-r8/gcc-4.1.2/configure --build=x86_64-linux --host=x86_64-linux --target=arm-angstrom-linux-gnueabi --prefix=/usr/local/openmoko/arm --exec_prefix=/usr/local/openmoko/arm --bindir=/usr/local/openmoko/arm/bin --sbindir=/usr/local/openmoko/arm/bin --libexecdir=/usr/local/openmoko/arm/libexec --datadir=/usr/local/openmoko/arm/share --sysconfdir=/usr/local/openmoko/arm/etc --sharedstatedir=/usr/local/openmoko/arm/share/com --localstatedir=/usr/local/openmoko/arm/var --libdir=/usr/local/openmoko/arm/lib --includedir=/usr/local/openmoko/arm/include --oldincludedir=/usr/local/openmoko/arm/include --infodir=/usr/local/openmoko/arm/share/info --mandir=/usr/local/openmoko/arm/share/man --with-gnu-ld --enable-shared --enable-target-optspace --enable-languages=c,c++,objc --enable-threads=posix --enable-multilib --enable-c99 --enable-long-long --enable-symvers=gnu --enable-libstdcxx-pch --program-prefix=arm-angstrom-linux-gnueabi- --disable-libssp --disable-libmudflap --with-float=soft --with-local-prefix=/home/build/internal-daily-build/build/testing/staging/arm-angstrom-linux-gnueabi/usr --with-gxx-include-dir=/home/build/internal-daily-build/build/testing/staging/arm-angstrom-linux-gnueabi//usr/include/c++ --with-sysroot=/usr/local/openmoko/arm/arm-angstrom-linux-gnueabi --with-build-time-tools=/home/build/internal-daily-build/build/testing/cross/arm-angstrom-linux-gnueabi/bin --with-build-sysroot=/home/build/internal-daily-build/build/testing/staging/arm-angstrom-linux-gnueabi --disable-libunwind-exceptions --with-mpfr=/home/build/internal-daily-build/build/testing/staging/x86_64-linux/usr --enable-__cxa_atexit
Thread model: posix
gcc version 4.1.2
configure:9332: $? = 0
configure:9339: ccache arm-angstrom-linux-gnueabi-g++ -march=armv4t -mtune=arm920t -V >&5
arm-angstrom-linux-gnueabi-g++: argument to '-V' missing

configure:9343: $? = 1
configure:9346: checking whether we are using the GNU C++ compiler
configure:9375: ccache arm-angstrom-linux-gnueabi-g++ -march=armv4t -mtune=arm920t -c -isystem/usr/local/openmoko/arm/arm-angstrom-linux-gnueabi/include -fexpensive-optimizations -fomit-frame-pointer -frename-registers -O2 -fpermissive -fvisibility-inlines-hidden -isystem/usr/local/openmoko/arm/arm-angstrom-linux-gnueabi/include conftest.cpp >&5
configure:9382: $? = 0
configure:9399: result: yes
configure:9408: checking whether ccache arm-angstrom-linux-gnueabi-g++ -march=armv4t -mtune=arm920t accepts -g
configure:9438: ccache arm-angstrom-linux-gnueabi-g++ -march=armv4t -mtune=arm920t -c -g -isystem/usr/local/openmoko/arm/arm-angstrom-linux-gnueabi/include conftest.cpp >&5
configure:9445: $? = 0
configure:9546: result: yes
configure:9571: checking dependency style of ccache arm-angstrom-linux-gnueabi-g++ -march=armv4t -mtune=arm920t
configure:9662: result: gcc3
configure:9687: checking how to run the C++ preprocessor
configure:9723: ccache arm-angstrom-linux-gnueabi-g++ -march=armv4t -mtune=arm920t -E -isystem/usr/local/openmoko/arm/arm-angstrom-linux-gnueabi/include conftest.cpp
configure:9730: $? = 0
configure:9761: ccache arm-angstrom-linux-gnueabi-g++ -march=armv4t -mtune=arm920t -E -isystem/usr/local/openmoko/arm/arm-angstrom-linux-gnueabi/include conftest.cpp
conftest.cpp:28:28: error: ac_nonexistent.h: No such file or directory
configure:9768: $? = 1
configure: failed program was:
| /* confdefs.h.  */
| #define PACKAGE_NAME "guitartune"
| #define PACKAGE_TARNAME "guitartune"
| #define PACKAGE_VERSION "0.1"
| #define PACKAGE_STRING "guitartune 0.1"
| #define PACKAGE_BUGREPORT ""
| #define PACKAGE "guitartune"
| #define VERSION "0.1"
| #define STDC_HEADERS 1
| #define GETTEXT_PACKAGE "guitartune"
| #define HAVE_SYS_TYPES_H 1
| #define HAVE_SYS_STAT_H 1
| #define HAVE_STDLIB_H 1
| #define HAVE_STRING_H 1
| #define HAVE_MEMORY_H 1
| #define HAVE_STRINGS_H 1
| #define HAVE_INTTYPES_H 1
| #define HAVE_STDINT_H 1
| #define HAVE_UNISTD_H 1
| #define HAVE_LOCALE_H 1
| #define HAVE_LC_MESSAGES 1
| #define HAVE_BIND_TEXTDOMAIN_CODESET 1
| #define HAVE_GETTEXT 1
| #define HAVE_DCGETTEXT 1
| #define ENABLE_NLS 1
| #define HAVE_DLFCN_H 1
| /* end confdefs.h.  */
| #include <ac_nonexistent.h>
configure:9801: result: ccache arm-angstrom-linux-gnueabi-g++ -march=armv4t -mtune=arm920t -E
configure:9830: ccache arm-angstrom-linux-gnueabi-g++ -march=armv4t -mtune=arm920t -E -isystem/usr/local/openmoko/arm/arm-angstrom-linux-gnueabi/include conftest.cpp
configure:9837: $? = 0
configure:9868: ccache arm-angstrom-linux-gnueabi-g++ -march=armv4t -mtune=arm920t -E -isystem/usr/local/openmoko/arm/arm-angstrom-linux-gnueabi/include conftest.cpp
conftest.cpp:28:28: error: ac_nonexistent.h: No such file or directory
configure:9875: $? = 1
configure: failed program was:
| /* confdefs.h.  */
| #define PACKAGE_NAME "guitartune"
| #define PACKAGE_TARNAME "guitartune"
| #define PACKAGE_VERSION "0.1"
| #define PACKAGE_STRING "guitartune 0.1"
| #define PACKAGE_BUGREPORT ""
| #define PACKAGE "guitartune"
| #define VERSION "0.1"
| #define STDC_HEADERS 1
| #define GETTEXT_PACKAGE "guitartune"
| #define HAVE_SYS_TYPES_H 1
| #define HAVE_SYS_STAT_H 1
| #define HAVE_STDLIB_H 1
| #define HAVE_STRING_H 1
| #define HAVE_MEMORY_H 1
| #define HAVE_STRINGS_H 1
| #define HAVE_INTTYPES_H 1
| #define HAVE_STDINT_H 1
| #define HAVE_UNISTD_H 1
| #define HAVE_LOCALE_H 1
| #define HAVE_LC_MESSAGES 1
| #define HAVE_BIND_TEXTDOMAIN_CODESET 1
| #define HAVE_GETTEXT 1
| #define HAVE_DCGETTEXT 1
| #define ENABLE_NLS 1
| #define HAVE_DLFCN_H 1
| /* end confdefs.h.  */
| #include <ac_nonexistent.h>
configure:9926: checking for arm-angstrom-linux-gnueabi-g77
configure:9953: result: ccache arm-angstrom-linux-gnueabi-g77 -march=armv4t -mtune=arm920t
configure:10023: checking for Fortran 77 compiler version
configure:10031: ccache arm-angstrom-linux-gnueabi-g77 -march=armv4t -mtune=arm920t --version >&5
arm-angstrom-linux-gnueabi-g77: No such file or directory
configure:10035: $? = 1
configure:10042: ccache arm-angstrom-linux-gnueabi-g77 -march=armv4t -mtune=arm920t -v >&5
arm-angstrom-linux-gnueabi-g77: No such file or directory
configure:10046: $? = 1
configure:10053: ccache arm-angstrom-linux-gnueabi-g77 -march=armv4t -mtune=arm920t -V >&5
arm-angstrom-linux-gnueabi-g77: No such file or directory
configure:10057: $? = 1
configure:10065: checking whether we are using the GNU Fortran 77 compiler
configure:10084: ccache arm-angstrom-linux-gnueabi-g77 -march=armv4t -mtune=arm920t -c  conftest.F >&5
arm-angstrom-linux-gnueabi-g77: No such file or directory
configure:10091: $? = 1
configure: failed program was:
|       program main
| #ifndef __GNUC__
|        choke me
| #endif
| 
|       end
configure:10108: result: no
configure:10114: checking whether ccache arm-angstrom-linux-gnueabi-g77 -march=armv4t -mtune=arm920t accepts -g
configure:10131: ccache arm-angstrom-linux-gnueabi-g77 -march=armv4t -mtune=arm920t -c -g conftest.f >&5
arm-angstrom-linux-gnueabi-g77: No such file or directory
configure:10138: $? = 1
configure: failed program was:
|       program main
| 
|       end
configure:10154: result: no
configure:10187: checking the maximum length of command line arguments
configure:10299: result: 1572864
configure:10311: checking command to parse /usr/local/openmoko/arm/bin/arm-angstrom-linux-gnueabi-nm -B output from ccache arm-angstrom-linux-gnueabi-gcc -march=armv4t -mtune=arm920t object
configure:10416: ccache arm-angstrom-linux-gnueabi-gcc -march=armv4t -mtune=arm920t -c -isystem/usr/local/openmoko/arm/arm-angstrom-linux-gnueabi/include -fexpensive-optimizations -fomit-frame-pointer -frename-registers -O2 -isystem/usr/local/openmoko/arm/arm-angstrom-linux-gnueabi/include conftest.c >&5
configure:10419: $? = 0
configure:10423: /usr/local/openmoko/arm/bin/arm-angstrom-linux-gnueabi-nm -B conftest.o \| sed -n -e 's/^.*[ 	]\([ABCDGIRSTW][ABCDGIRSTW]*\)[ 	][ 	]*\([_A-Za-z][_A-Za-z0-9]*\)$/\1 \2 \2/p' \> conftest.nm
configure:10426: $? = 0
configure:10478: ccache arm-angstrom-linux-gnueabi-gcc -march=armv4t -mtune=arm920t -o conftest -isystem/usr/local/openmoko/arm/arm-angstrom-linux-gnueabi/include -fexpensive-optimizations -fomit-frame-pointer -frename-registers -O2 -isystem/usr/local/openmoko/arm/arm-angstrom-linux-gnueabi/include -L/usr/local/openmoko/arm/arm-angstrom-linux-gnueabi/lib -Wl,-rpath-link,/usr/local/openmoko/arm/arm-angstrom-linux-gnueabi/lib -Wl,-O1 conftest.c conftstm.o >&5
configure:10481: $? = 0
configure:10519: result: ok
configure:10523: checking for objdir
configure:10538: result: .libs
configure:10590: checking for arm-angstrom-linux-gnueabi-ar
configure:10617: result: arm-angstrom-linux-gnueabi-ar
configure:10682: checking for arm-angstrom-linux-gnueabi-ranlib
configure:10709: result: arm-angstrom-linux-gnueabi-ranlib
configure:10774: checking for arm-angstrom-linux-gnueabi-strip
configure:10801: result: arm-angstrom-linux-gnueabi-strip
configure:11431: checking if ccache arm-angstrom-linux-gnueabi-gcc -march=armv4t -mtune=arm920t supports -fno-rtti -fno-exceptions
configure:11449: ccache arm-angstrom-linux-gnueabi-gcc -march=armv4t -mtune=arm920t -c -isystem/usr/local/openmoko/arm/arm-angstrom-linux-gnueabi/include -fexpensive-optimizations -fomit-frame-pointer -frename-registers -O2 -isystem/usr/local/openmoko/arm/arm-angstrom-linux-gnueabi/include -fno-rtti -fno-exceptions conftest.c >&5
cc1: warning: command line option "-fno-rtti" is valid for C++/ObjC++ but not for C
cc1: warning: command line option "-fno-rtti" is valid for C++/ObjC++ but not for C
configure:11453: $? = 0
configure:11466: result: no
configure:11481: checking for ccache arm-angstrom-linux-gnueabi-gcc -march=armv4t -mtune=arm920t option to produce PIC
configure:11713: result: -fPIC
configure:11721: checking if ccache arm-angstrom-linux-gnueabi-gcc -march=armv4t -mtune=arm920t PIC flag -fPIC works
configure:11739: ccache arm-angstrom-linux-gnueabi-gcc -march=armv4t -mtune=arm920t -c -isystem/usr/local/openmoko/arm/arm-angstrom-linux-gnueabi/include -fexpensive-optimizations -fomit-frame-pointer -frename-registers -O2 -isystem/usr/local/openmoko/arm/arm-angstrom-linux-gnueabi/include -fPIC -DPIC conftest.c >&5
configure:11743: $? = 0
configure:11756: result: yes
configure:11784: checking if ccache arm-angstrom-linux-gnueabi-gcc -march=armv4t -mtune=arm920t static flag -static works
configure:11812: result: yes
configure:11822: checking if ccache arm-angstrom-linux-gnueabi-gcc -march=armv4t -mtune=arm920t supports -c -o file.o
configure:11843: ccache arm-angstrom-linux-gnueabi-gcc -march=armv4t -mtune=arm920t -c -isystem/usr/local/openmoko/arm/arm-angstrom-linux-gnueabi/include -fexpensive-optimizations -fomit-frame-pointer -frename-registers -O2 -isystem/usr/local/openmoko/arm/arm-angstrom-linux-gnueabi/include -o out/conftest2.o conftest.c >&5
configure:11847: $? = 0
configure:11869: result: yes
configure:11895: checking whether the ccache arm-angstrom-linux-gnueabi-gcc -march=armv4t -mtune=arm920t linker (arm-angstrom-linux-gnueabi-ld) supports shared libraries
configure:12883: result: yes
configure:12904: checking whether -lc should be explicitly linked in
configure:12909: ccache arm-angstrom-linux-gnueabi-gcc -march=armv4t -mtune=arm920t -c -isystem/usr/local/openmoko/arm/arm-angstrom-linux-gnueabi/include -fexpensive-optimizations -fomit-frame-pointer -frename-registers -O2 -isystem/usr/local/openmoko/arm/arm-angstrom-linux-gnueabi/include conftest.c >&5
configure:12912: $? = 0
configure:12927: ccache arm-angstrom-linux-gnueabi-gcc -march=armv4t -mtune=arm920t -shared conftest.o  -v -Wl,-soname -Wl,conftest -o conftest 2\>\&1 \| grep  -lc  \>/dev/null 2\>\&1
configure:12930: $? = 0
configure:12942: result: no
configure:12950: checking dynamic linker characteristics
configure:13554: result: GNU/Linux ld.so
configure:13578: checking how to hardcode library paths into programs
configure:13603: result: immediate
configure:13617: checking whether stripping libraries is possible
configure:13622: result: yes
configure:14452: checking if libtool supports shared libraries
configure:14454: result: yes
configure:14457: checking whether to build shared libraries
configure:14478: result: yes
configure:14481: checking whether to build static libraries
configure:14485: result: yes
configure:14579: creating libtool
configure:15172: checking for ld used by ccache arm-angstrom-linux-gnueabi-g++ -march=armv4t -mtune=arm920t
configure:15239: result: arm-angstrom-linux-gnueabi-ld
configure:15248: checking if the linker (arm-angstrom-linux-gnueabi-ld) is GNU ld
configure:15263: result: yes
configure:15314: checking whether the ccache arm-angstrom-linux-gnueabi-g++ -march=armv4t -mtune=arm920t linker (arm-angstrom-linux-gnueabi-ld) supports shared libraries
configure:16268: result: yes
configure:16285: ccache arm-angstrom-linux-gnueabi-g++ -march=armv4t -mtune=arm920t -c -isystem/usr/local/openmoko/arm/arm-angstrom-linux-gnueabi/include -fexpensive-optimizations -fomit-frame-pointer -frename-registers -O2 -fpermissive -fvisibility-inlines-hidden -isystem/usr/local/openmoko/arm/arm-angstrom-linux-gnueabi/include conftest.cpp >&5
configure:16288: $? = 0
configure:16444: checking for ccache arm-angstrom-linux-gnueabi-g++ -march=armv4t -mtune=arm920t option to produce PIC
configure:16728: result: -fPIC
configure:16736: checking if ccache arm-angstrom-linux-gnueabi-g++ -march=armv4t -mtune=arm920t PIC flag -fPIC works
configure:16754: ccache arm-angstrom-linux-gnueabi-g++ -march=armv4t -mtune=arm920t -c -isystem/usr/local/openmoko/arm/arm-angstrom-linux-gnueabi/include -fexpensive-optimizations -fomit-frame-pointer -frename-registers -O2 -fpermissive -fvisibility-inlines-hidden -isystem/usr/local/openmoko/arm/arm-angstrom-linux-gnueabi/include -fPIC -DPIC conftest.cpp >&5
configure:16758: $? = 0
configure:16771: result: yes
configure:16799: checking if ccache arm-angstrom-linux-gnueabi-g++ -march=armv4t -mtune=arm920t static flag -static works
configure:16827: result: yes
configure:16837: checking if ccache arm-angstrom-linux-gnueabi-g++ -march=armv4t -mtune=arm920t supports -c -o file.o
configure:16858: ccache arm-angstrom-linux-gnueabi-g++ -march=armv4t -mtune=arm920t -c -isystem/usr/local/openmoko/arm/arm-angstrom-linux-gnueabi/include -fexpensive-optimizations -fomit-frame-pointer -frename-registers -O2 -fpermissive -fvisibility-inlines-hidden -isystem/usr/local/openmoko/arm/arm-angstrom-linux-gnueabi/include -o out/conftest2.o conftest.cpp >&5
configure:16862: $? = 0
configure:16884: result: yes
configure:16910: checking whether the ccache arm-angstrom-linux-gnueabi-g++ -march=armv4t -mtune=arm920t linker (arm-angstrom-linux-gnueabi-ld) supports shared libraries
configure:16936: result: yes
configure:17003: checking dynamic linker characteristics
configure:17555: result: GNU/Linux ld.so
configure:17579: checking how to hardcode library paths into programs
configure:17604: result: immediate
configure:18143: checking if libtool supports shared libraries
configure:18145: result: yes
configure:18148: checking whether to build shared libraries
configure:18168: result: yes
configure:18171: checking whether to build static libraries
configure:18175: result: yes
configure:18185: checking for ccache arm-angstrom-linux-gnueabi-g77 -march=armv4t -mtune=arm920t option to produce PIC
configure:18417: result: -fPIC
configure:18425: checking if ccache arm-angstrom-linux-gnueabi-g77 -march=armv4t -mtune=arm920t PIC flag -fPIC works
configure:18443: ccache arm-angstrom-linux-gnueabi-g77 -march=armv4t -mtune=arm920t -c  -fPIC conftest.f >&5
arm-angstrom-linux-gnueabi-g77: No such file or directory
configure:18447: $? = 1
configure:18460: result: no
configure:18488: checking if ccache arm-angstrom-linux-gnueabi-g77 -march=armv4t -mtune=arm920t static flag -static works
configure:18516: result: no
configure:18526: checking if ccache arm-angstrom-linux-gnueabi-g77 -march=armv4t -mtune=arm920t supports -c -o file.o
configure:18547: ccache arm-angstrom-linux-gnueabi-g77 -march=armv4t -mtune=arm920t -c  -o out/conftest2.o conftest.f >&5
arm-angstrom-linux-gnueabi-g77: No such file or directory
configure:18551: $? = 1
configure:18573: result: no
configure:18599: checking whether the ccache arm-angstrom-linux-gnueabi-g77 -march=armv4t -mtune=arm920t linker (arm-angstrom-linux-gnueabi-ld) supports shared libraries
configure:19567: result: yes
configure:19634: checking dynamic linker characteristics
configure:20186: result: GNU/Linux ld.so
configure:20210: checking how to hardcode library paths into programs
configure:20235: result: immediate
configure:23854: checking for arm-angstrom-linux-gnueabi-pkg-config
configure:23887: result: no
configure:23897: checking for pkg-config
configure:23915: found /usr/local/openmoko/arm/bin/pkg-config
configure:23927: result: /usr/local/openmoko/arm/bin/pkg-config
configure:23939: WARNING: using cross tools not prefixed with host triplet
configure:23952: checking pkg-config is at least version 0.9.0
configure:23955: result: yes
configure:23966: checking for GUITARTUNE
configure:23973: $PKG_CONFIG --exists --print-errors "gtk+-2.0 >= 2.8 libglade-2.0 >= 2.6.0    "
configure:23976: $? = 0
configure:23989: $PKG_CONFIG --exists --print-errors "gtk+-2.0 >= 2.8 libglade-2.0 >= 2.6.0    "
configure:23992: $? = 0
configure:24069: result: yes
configure:24227: creating ./config.status

## ---------------------- ##
## Running config.status. ##
## ---------------------- ##

This file was extended by guitartune config.status 0.1, which was
generated by GNU Autoconf 2.63.  Invocation command line was

  CONFIG_FILES    = 
  CONFIG_HEADERS  = 
  CONFIG_LINKS    = 
  CONFIG_COMMANDS = 
  $ ./config.status 

on ito-desktop

config.status:879: creating Makefile
config.status:879: creating src/Makefile
config.status:879: creating po/Makefile.in
config.status:879: creating config.h
config.status:1101: config.h is unchanged
config.status:1153: executing depfiles commands
config.status:1153: executing default-1 commands
config.status:1153: executing po/stamp-it commands

## ---------------- ##
## Cache variables. ##
## ---------------- ##

ac_cv_af_unix_large_dgram=yes
ac_cv_build=x86_64-unknown-linux-gnu
ac_cv_c_bigendian=no
ac_cv_c_compiler_gnu=yes
ac_cv_c_littleendian=yes
ac_cv_check_sjlj=ssjlj
ac_cv_cxx_compiler_gnu=yes
ac_cv_env_CCC_set=
ac_cv_env_CCC_value=
ac_cv_env_CC_set=set
ac_cv_env_CC_value='ccache arm-angstrom-linux-gnueabi-gcc -march=armv4t -mtune=arm920t'
ac_cv_env_CFLAGS_set=set
ac_cv_env_CFLAGS_value='-isystem/usr/local/openmoko/arm/arm-angstrom-linux-gnueabi/include -fexpensive-optimizations -fomit-frame-pointer -frename-registers -O2'
ac_cv_env_CPPFLAGS_set=set
ac_cv_env_CPPFLAGS_value=-isystem/usr/local/openmoko/arm/arm-angstrom-linux-gnueabi/include
ac_cv_env_CPP_set=set
ac_cv_env_CPP_value='arm-angstrom-linux-gnueabi-gcc -E'
ac_cv_env_CXXCPP_set=
ac_cv_env_CXXCPP_value=
ac_cv_env_CXXFLAGS_set=set
ac_cv_env_CXXFLAGS_value='-isystem/usr/local/openmoko/arm/arm-angstrom-linux-gnueabi/include -fexpensive-optimizations -fomit-frame-pointer -frename-registers -O2 -fpermissive -fvisibility-inlines-hidden'
ac_cv_env_CXX_set=set
ac_cv_env_CXX_value='ccache arm-angstrom-linux-gnueabi-g++ -march=armv4t -mtune=arm920t'
ac_cv_env_F77_set=set
ac_cv_env_F77_value='ccache arm-angstrom-linux-gnueabi-g77 -march=armv4t -mtune=arm920t'
ac_cv_env_FFLAGS_set=
ac_cv_env_FFLAGS_value=
ac_cv_env_GUITARTUNE_CFLAGS_set=
ac_cv_env_GUITARTUNE_CFLAGS_value=
ac_cv_env_GUITARTUNE_LIBS_set=
ac_cv_env_GUITARTUNE_LIBS_value=
ac_cv_env_LDFLAGS_set=set
ac_cv_env_LDFLAGS_value='-L/usr/local/openmoko/arm/arm-angstrom-linux-gnueabi/lib -Wl,-rpath-link,/usr/local/openmoko/arm/arm-angstrom-linux-gnueabi/lib -Wl,-O1'
ac_cv_env_LIBS_set=
ac_cv_env_LIBS_value=
ac_cv_env_PKG_CONFIG_set=
ac_cv_env_PKG_CONFIG_value=
ac_cv_env_build_alias_set=
ac_cv_env_build_alias_value=
ac_cv_env_host_alias_set=set
ac_cv_env_host_alias_value=arm-angstrom-linux-gnueabi
ac_cv_env_target_alias_set=
ac_cv_env_target_alias_value=
ac_cv_epoll_works=yes
ac_cv_f77_compiler_gnu=no
ac_cv_file__dev_random=yes
ac_cv_file__dev_zero=yes
ac_cv_fread_reads_directories=yes
ac_cv_func___va_copy=yes
ac_cv_func_bind_textdomain_codeset=yes
ac_cv_func_dcgettext=yes
ac_cv_func_getpagesize=yes
ac_cv_func_getpgrp_void=yes
ac_cv_func_getpwuid_r=yes
ac_cv_func_lstat_dereferences_slashed_symlink=yes
ac_cv_func_lstat_empty_string_bug=no
ac_cv_func_malloc_0_nonnull=yes
ac_cv_func_memcmp_working=yes
ac_cv_func_memcpy=yes
ac_cv_func_mmap_fixed_mapped=yes
ac_cv_func_posix_getpwnam_r=yes
ac_cv_func_posix_getpwuid_r=yes
ac_cv_func_printf_unix98=yes
ac_cv_func_pthread_attr_getstack=yes
ac_cv_func_setpgrp_void=yes
ac_cv_func_setresuid=yes
ac_cv_func_setvbuf_reversed=no
ac_cv_func_snprintf_c99=yes
ac_cv_func_stat_empty_string_bug=no
ac_cv_func_stat_ignores_trailing_slash=no
ac_cv_func_strerror=yes
ac_cv_func_va_copy=yes
ac_cv_func_vsnprintf_c99=yes
ac_cv_have_abstract_sockets=yes
ac_cv_have_decl_sys_siglist=yes
ac_cv_header_dlfcn_h=yes
ac_cv_header_inttypes_h=yes
ac_cv_header_libintl_h=yes
ac_cv_header_locale_h=yes
ac_cv_header_memory_h=yes
ac_cv_header_stdc=yes
ac_cv_header_stdint_h=yes
ac_cv_header_stdlib_h=yes
ac_cv_header_string_h=yes
ac_cv_header_strings_h=yes
ac_cv_header_sys_stat_h=yes
ac_cv_header_sys_types_h=yes
ac_cv_header_unistd_h=yes
ac_cv_host=arm-angstrom-linux-gnueabi
ac_cv_lib_m_sin=yes
ac_cv_libnet_endianess=lil
ac_cv_linux_vers=2
ac_cv_need_trio=no
ac_cv_objext=o
ac_cv_path_EGREP='/bin/grep -E'
ac_cv_path_GMSGFMT=/usr/bin/msgfmt
ac_cv_path_GREP=/bin/grep
ac_cv_path_INTLTOOL_EXTRACT=/usr/bin/intltool-extract
ac_cv_path_INTLTOOL_MERGE=/usr/bin/intltool-merge
ac_cv_path_INTLTOOL_PERL=/usr/bin/perl
ac_cv_path_INTLTOOL_UPDATE=/usr/bin/intltool-update
ac_cv_path_MSGFMT=/usr/bin/msgfmt
ac_cv_path_MSGMERGE=/usr/bin/msgmerge
ac_cv_path_XGETTEXT=/usr/bin/xgettext
ac_cv_path_ac_pt_PKG_CONFIG=/usr/local/openmoko/arm/bin/pkg-config
ac_cv_path_install='/usr/bin/install -c'
ac_cv_path_mkdir=/bin/mkdir
ac_cv_prog_AR=arm-angstrom-linux-gnueabi-ar
ac_cv_prog_AWK=mawk
ac_cv_prog_CC='ccache arm-angstrom-linux-gnueabi-gcc -march=armv4t -mtune=arm920t'
ac_cv_prog_CPP='arm-angstrom-linux-gnueabi-gcc -E'
ac_cv_prog_CXXCPP='ccache arm-angstrom-linux-gnueabi-g++ -march=armv4t -mtune=arm920t -E'
ac_cv_prog_F77='ccache arm-angstrom-linux-gnueabi-g77 -march=armv4t -mtune=arm920t'
ac_cv_prog_RANLIB=arm-angstrom-linux-gnueabi-ranlib
ac_cv_prog_STRIP=arm-angstrom-linux-gnueabi-strip
ac_cv_prog_cc_c89=
ac_cv_prog_cc_g=yes
ac_cv_prog_cxx_g=yes
ac_cv_prog_f77_g=no
ac_cv_prog_make_make_set=yes
ac_cv_search_strerror='none required'
ac_cv_sizeof___int64=0
ac_cv_sizeof_char=1
ac_cv_sizeof_int=4
ac_cv_sizeof_long=8
ac_cv_sizeof_long_double=16
ac_cv_sizeof_long_int=8
ac_cv_sizeof_long_long=8
ac_cv_sizeof_off_t=8
ac_cv_sizeof_short=2
ac_cv_sizeof_short_int=2
ac_cv_sizeof_size_t=8
ac_cv_sizeof_void_p=8
ac_cv_strerror_r_SUSv3=no
ac_cv_type_uid_t='{ac_cv_type_uid_t=yes}'
am_cv_CC_dependencies_compiler_type=gcc3
am_cv_CXX_dependencies_compiler_type=gcc3
am_cv_func_working_getline=yes
am_cv_prog_cc_stdc=
am_cv_scanf_lld=yes
am_cv_val_LC_MESSAGES=yes
bash_cv_have_mbstate_t=yes
bash_cv_sys_siglist=yes
bash_cv_under_sys_siglist=yes
db_cv_align_t='unsigned long long'
db_cv_alignp_t='unsigned long long'
db_cv_fcntl_f_setfd=yes
db_cv_mutex=POSIX/pthreads/library
db_cv_path_ar=/usr/bin/ar
db_cv_path_chmod=/bin/chmod
db_cv_path_cp=/bin/cp
db_cv_path_ln=/bin/ln
db_cv_path_mkdir=/bin/mkdir
db_cv_path_ranlib=/usr/bin/ranlib
db_cv_path_rm=/bin/rm
db_cv_path_sh=/bin/sh
db_cv_path_strip=/usr/bin/strip
db_cv_posixmutexes=no
db_cv_sprintf_count=yes
db_cv_uimutexes=no
glib_cv___va_copy=yes
glib_cv_compliant_posix_memalign=1
glib_cv_has__inline=yes
glib_cv_has__inline__=yes
glib_cv_hasinline=yes
glib_cv_long_long_format=ll
glib_cv_rtldglobal_broken=yes
glib_cv_sane_realloc=yes
glib_cv_sizeof_gmutex=40
glib_cv_sizeof_intmax_t=8
glib_cv_sizeof_ptrdiff_t=8
glib_cv_sizeof_size_t=8
glib_cv_sizeof_system_thread=8
glib_cv_stack_grows=no
glib_cv_strlcpy=no
glib_cv_sys_pthread_cond_timedwait_posix=yes
glib_cv_sys_pthread_getspecific_posix=yes
glib_cv_sys_pthread_mutex_trylock_posix=yes
glib_cv_uscore=no
glib_cv_va_copy=yes
glib_cv_va_val_copy=no
gt_cv_func_dgettext_libc=yes
gt_cv_func_dgettext_libintl=no
gt_cv_func_ngettext_libc=yes
gt_cv_have_gettext=yes
lftp_cv_va_copy=yes
lt_cv_deplibs_check_method=pass_all
lt_cv_file_magic_cmd='$MAGIC_CMD'
lt_cv_file_magic_test_file=
lt_cv_ld_reload_flag=-r
lt_cv_objdir=.libs
lt_cv_path_LD=arm-angstrom-linux-gnueabi-ld
lt_cv_path_LDCXX=arm-angstrom-linux-gnueabi-ld
lt_cv_path_NM='/usr/local/openmoko/arm/bin/arm-angstrom-linux-gnueabi-nm -B'
lt_cv_path_SED=/bin/sed
lt_cv_prog_compiler_c_o=yes
lt_cv_prog_compiler_c_o_CXX=yes
lt_cv_prog_compiler_c_o_F77=no
lt_cv_prog_compiler_pic_works=yes
lt_cv_prog_compiler_pic_works_CXX=yes
lt_cv_prog_compiler_pic_works_F77=no
lt_cv_prog_compiler_rtti_exceptions=no
lt_cv_prog_compiler_static_works=yes
lt_cv_prog_compiler_static_works_CXX=yes
lt_cv_prog_compiler_static_works_F77=no
lt_cv_prog_gnu_ld=yes
lt_cv_prog_gnu_ldcxx=yes
lt_cv_sys_global_symbol_pipe='sed -n -e '\''s/^.*[ 	]\([ABCDGIRSTW][ABCDGIRSTW]*\)[ 	][ 	]*\([_A-Za-z][_A-Za-z0-9]*\)$/\1 \2 \2/p'\'''
lt_cv_sys_global_symbol_to_c_name_address='sed -n -e '\''s/^: \([^ ]*\) $/  {\"\1\", (lt_ptr) 0},/p'\'' -e '\''s/^[BCDEGRST] \([^ ]*\) \([^ ]*\)$/  {"\2", (lt_ptr) \&\2},/p'\'''
lt_cv_sys_global_symbol_to_cdecl='sed -n -e '\''s/^. .* \(.*\)$/extern int \1;/p'\'''
lt_cv_sys_lib_dlsearch_path_spec='/usr/lib /lib /usr/lib32/alsa-lib /usr/lib/alsa-lib /usr/local/lib /lib/x86_64-linux-gnu /usr/lib/x86_64-linux-gnu '
lt_cv_sys_lib_search_path_spec='/usr/lib /lib /usr/local/lib'
lt_cv_sys_max_cmd_len=1572864
lt_lt_cv_prog_compiler_c_o='"yes"'
lt_lt_cv_prog_compiler_c_o_CXX='"yes"'
lt_lt_cv_prog_compiler_c_o_F77='"no"'
lt_lt_cv_sys_global_symbol_pipe='"sed -n -e '\''s/^.*[ 	]\\([ABCDGIRSTW][ABCDGIRSTW]*\\)[ 	][ 	]*\\([_A-Za-z][_A-Za-z0-9]*\\)\$/\\1 \\2 \\2/p'\''"'
lt_lt_cv_sys_global_symbol_to_c_name_address='"sed -n -e '\''s/^: \\([^ ]*\\) \$/  {\\\"\\1\\\", (lt_ptr) 0},/p'\'' -e '\''s/^[BCDEGRST] \\([^ ]*\\) \\([^ ]*\\)\$/  {\"\\2\", (lt_ptr) \\&\\2},/p'\''"'
lt_lt_cv_sys_global_symbol_to_cdecl='"sed -n -e '\''s/^. .* \\(.*\\)\$/extern int \\1;/p'\''"'
mono_cv_uscore=no
mr_cv_target_elf=yes
nano_cv_func_regexec_segv_emptystr=no
pkg_cv_GUITARTUNE_CFLAGS='-I/usr/local/openmoko/arm/arm-angstrom-linux-gnueabi/usr/include/gtk-2.0 -I/usr/local/openmoko/arm/arm-angstrom-linux-gnueabi/usr/lib/gtk-2.0/include -I/usr/local/openmoko/arm/arm-angstrom-linux-gnueabi/usr/include/atk-1.0 -I/usr/local/openmoko/arm/arm-angstrom-linux-gnueabi/usr/include/cairo -I/usr/local/openmoko/arm/arm-angstrom-linux-gnueabi/usr/include/pango-1.0 -I/usr/local/openmoko/arm/arm-angstrom-linux-gnueabi/usr/include/glib-2.0 -I/usr/local/openmoko/arm/arm-angstrom-linux-gnueabi/usr/lib/glib-2.0/include -I/usr/local/openmoko/arm/arm-angstrom-linux-gnueabi/usr/include/freetype2 -I/usr/local/openmoko/arm/arm-angstrom-linux-gnueabi/usr/include/libpng12 -I/usr/local/openmoko/arm/arm-angstrom-linux-gnueabi/usr/include/pixman-1 -I/usr/local/openmoko/arm/arm-angstrom-linux-gnueabi/usr/include/libglade-2.0  '
pkg_cv_GUITARTUNE_LIBS='-lglade-2.0 -lgtk-x11-2.0 -lgdk-x11-2.0 -latk-1.0 -lgdk_pixbuf-2.0 -lpangocairo-1.0 -lpango-1.0 -lcairo -lgobject-2.0 -lgmodule-2.0 -lglib-2.0  '
rd_cv_ieee_works=yes
samba_cv_HAVE_VA_COPY=yes
screen_cv_sys_bcopy_overlap=no
screen_cv_sys_fifo_broken_impl=yes
screen_cv_sys_fifo_usable=yes
screen_cv_sys_memcpy_overlap=no
screen_cv_sys_memmove_overlap=no
screen_cv_sys_select_broken_retval=no
screen_cv_sys_sockets_nofs=no
screen_cv_sys_sockets_usable=yes
screen_cv_sys_terminfo_used=yes
utils_cv_sys_open_max=1015

## ----------------- ##
## Output variables. ##
## ----------------- ##

ACLOCAL='${SHELL} /home/ito/workspace/guitartune/missing --run aclocal-1.10'
ALL_LINGUAS=''
AMDEPBACKSLASH='\'
AMDEP_FALSE='#'
AMDEP_TRUE=''
AMTAR='${SHELL} /home/ito/workspace/guitartune/missing --run tar'
AR='arm-angstrom-linux-gnueabi-ar'
AUTOCONF='${SHELL} /home/ito/workspace/guitartune/missing --run autoconf'
AUTOHEADER='${SHELL} /home/ito/workspace/guitartune/missing --run autoheader'
AUTOMAKE='${SHELL} /home/ito/workspace/guitartune/missing --run automake-1.10'
AWK='mawk'
CATALOGS=''
CATOBJEXT='.gmo'
CC='ccache arm-angstrom-linux-gnueabi-gcc -march=armv4t -mtune=arm920t'
CCDEPMODE='depmode=gcc3'
CFLAGS='-isystem/usr/local/openmoko/arm/arm-angstrom-linux-gnueabi/include -fexpensive-optimizations -fomit-frame-pointer -frename-registers -O2'
CPP='arm-angstrom-linux-gnueabi-gcc -E'
CPPFLAGS='-isystem/usr/local/openmoko/arm/arm-angstrom-linux-gnueabi/include'
CXX='ccache arm-angstrom-linux-gnueabi-g++ -march=armv4t -mtune=arm920t'
CXXCPP='ccache arm-angstrom-linux-gnueabi-g++ -march=armv4t -mtune=arm920t -E'
CXXDEPMODE='depmode=gcc3'
CXXFLAGS='-isystem/usr/local/openmoko/arm/arm-angstrom-linux-gnueabi/include -fexpensive-optimizations -fomit-frame-pointer -frename-registers -O2 -fpermissive -fvisibility-inlines-hidden'
CYGPATH_W='echo'
DATADIRNAME='share'
DEFS='-DHAVE_CONFIG_H'
DEPDIR='.deps'
DSYMUTIL=''
ECHO='echo'
ECHO_C=''
ECHO_N='-n'
ECHO_T=''
EGREP='/bin/grep -E'
EXEEXT=''
F77='ccache arm-angstrom-linux-gnueabi-g77 -march=armv4t -mtune=arm920t'
FFLAGS=''
GETTEXT_PACKAGE='guitartune'
GMOFILES=''
GMSGFMT='/usr/bin/msgfmt'
GREP='/bin/grep'
GUITARTUNE_CFLAGS='-I/usr/local/openmoko/arm/arm-angstrom-linux-gnueabi/usr/include/gtk-2.0 -I/usr/local/openmoko/arm/arm-angstrom-linux-gnueabi/usr/lib/gtk-2.0/include -I/usr/local/openmoko/arm/arm-angstrom-linux-gnueabi/usr/include/atk-1.0 -I/usr/local/openmoko/arm/arm-angstrom-linux-gnueabi/usr/include/cairo -I/usr/local/openmoko/arm/arm-angstrom-linux-gnueabi/usr/include/pango-1.0 -I/usr/local/openmoko/arm/arm-angstrom-linux-gnueabi/usr/include/glib-2.0 -I/usr/local/openmoko/arm/arm-angstrom-linux-gnueabi/usr/lib/glib-2.0/include -I/usr/local/openmoko/arm/arm-angstrom-linux-gnueabi/usr/include/freetype2 -I/usr/local/openmoko/arm/arm-angstrom-linux-gnueabi/usr/include/libpng12 -I/usr/local/openmoko/arm/arm-angstrom-linux-gnueabi/usr/include/pixman-1 -I/usr/local/openmoko/arm/arm-angstrom-linux-gnueabi/usr/include/libglade-2.0  '
GUITARTUNE_LIBS='-lglade-2.0 -lgtk-x11-2.0 -lgdk-x11-2.0 -latk-1.0 -lgdk_pixbuf-2.0 -lpangocairo-1.0 -lpango-1.0 -lcairo -lgobject-2.0 -lgmodule-2.0 -lglib-2.0  '
INSTALL_DATA='${INSTALL} -m 644'
INSTALL_PROGRAM='${INSTALL}'
INSTALL_SCRIPT='${INSTALL}'
INSTALL_STRIP_PROGRAM='$(install_sh) -c -s'
INSTOBJEXT='.mo'
INTLLIBS=''
INTLTOOL_CAVES_RULE='%.caves:     %.caves.in     $(INTLTOOL_MERGE) $(wildcard $(top_srcdir)/po/*.po) ; LC_ALL=C $(INTLTOOL_MERGE) -d -u -c $(top_builddir)/po/.intltool-merge-cache $(top_srcdir)/po $< $@'
INTLTOOL_DESKTOP_RULE='%.desktop:   %.desktop.in   $(INTLTOOL_MERGE) $(wildcard $(top_srcdir)/po/*.po) ; LC_ALL=C $(INTLTOOL_MERGE) -d -u -c $(top_builddir)/po/.intltool-merge-cache $(top_srcdir)/po $< $@'
INTLTOOL_DIRECTORY_RULE='%.directory: %.directory.in $(INTLTOOL_MERGE) $(wildcard $(top_srcdir)/po/*.po) ; LC_ALL=C $(INTLTOOL_MERGE) -d -u -c $(top_builddir)/po/.intltool-merge-cache $(top_srcdir)/po $< $@'
INTLTOOL_EXTRACT='/usr/bin/intltool-extract'
INTLTOOL_KBD_RULE='%.kbd:       %.kbd.in       $(INTLTOOL_MERGE) $(wildcard $(top_srcdir)/po/*.po) ; LC_ALL=C $(INTLTOOL_MERGE) -x -u -m -c $(top_builddir)/po/.intltool-merge-cache $(top_srcdir)/po $< $@'
INTLTOOL_KEYS_RULE='%.keys:      %.keys.in      $(INTLTOOL_MERGE) $(wildcard $(top_srcdir)/po/*.po) ; LC_ALL=C $(INTLTOOL_MERGE) -k -u -c $(top_builddir)/po/.intltool-merge-cache $(top_srcdir)/po $< $@'
INTLTOOL_MERGE='/usr/bin/intltool-merge'
INTLTOOL_OAF_RULE='%.oaf:       %.oaf.in       $(INTLTOOL_MERGE) $(wildcard $(top_srcdir)/po/*.po) ; LC_ALL=C $(INTLTOOL_MERGE) -o -p $(top_srcdir)/po $< $@'
INTLTOOL_PERL='/usr/bin/perl'
INTLTOOL_POLICY_RULE='%.policy:    %.policy.in    $(INTLTOOL_MERGE) $(wildcard $(top_srcdir)/po/*.po) ; LC_ALL=C $(INTLTOOL_MERGE) -x -u -c $(top_builddir)/po/.intltool-merge-cache $(top_srcdir)/po $< $@'
INTLTOOL_PONG_RULE='%.pong:      %.pong.in      $(INTLTOOL_MERGE) $(wildcard $(top_srcdir)/po/*.po) ; LC_ALL=C $(INTLTOOL_MERGE) -x -u -c $(top_builddir)/po/.intltool-merge-cache $(top_srcdir)/po $< $@'
INTLTOOL_PROP_RULE='%.prop:      %.prop.in      $(INTLTOOL_MERGE) $(wildcard $(top_srcdir)/po/*.po) ; LC_ALL=C $(INTLTOOL_MERGE) -d -u -c $(top_builddir)/po/.intltool-merge-cache $(top_srcdir)/po $< $@'
INTLTOOL_SCHEMAS_RULE='%.schemas:   %.schemas.in   $(INTLTOOL_MERGE) $(wildcard $(top_srcdir)/po/*.po) ; LC_ALL=C $(INTLTOOL_MERGE) -s -u -c $(top_builddir)/po/.intltool-merge-cache $(top_srcdir)/po $< $@'
INTLTOOL_SERVER_RULE='%.server:    %.server.in    $(INTLTOOL_MERGE) $(wildcard $(top_srcdir)/po/*.po) ; LC_ALL=C $(INTLTOOL_MERGE) -o -u -c $(top_builddir)/po/.intltool-merge-cache $(top_srcdir)/po $< $@'
INTLTOOL_SERVICE_RULE='%.service: %.service.in   $(INTLTOOL_MERGE) $(wildcard $(top_srcdir)/po/*.po) ; LC_ALL=C $(INTLTOOL_MERGE) -d -u -c $(top_builddir)/po/.intltool-merge-cache $(top_srcdir)/po $< $@'
INTLTOOL_SHEET_RULE='%.sheet:     %.sheet.in     $(INTLTOOL_MERGE) $(wildcard $(top_srcdir)/po/*.po) ; LC_ALL=C $(INTLTOOL_MERGE) -x -u -c $(top_builddir)/po/.intltool-merge-cache $(top_srcdir)/po $< $@'
INTLTOOL_SOUNDLIST_RULE='%.soundlist: %.soundlist.in $(INTLTOOL_MERGE) $(wildcard $(top_srcdir)/po/*.po) ; LC_ALL=C $(INTLTOOL_MERGE) -d -u -c $(top_builddir)/po/.intltool-merge-cache $(top_srcdir)/po $< $@'
INTLTOOL_THEME_RULE='%.theme:     %.theme.in     $(INTLTOOL_MERGE) $(wildcard $(top_srcdir)/po/*.po) ; LC_ALL=C $(INTLTOOL_MERGE) -d -u -c $(top_builddir)/po/.intltool-merge-cache $(top_srcdir)/po $< $@'
INTLTOOL_UI_RULE='%.ui:        %.ui.in        $(INTLTOOL_MERGE) $(wildcard $(top_srcdir)/po/*.po) ; LC_ALL=C $(INTLTOOL_MERGE) -x -u -c $(top_builddir)/po/.intltool-merge-cache $(top_srcdir)/po $< $@'
INTLTOOL_UPDATE='/usr/bin/intltool-update'
INTLTOOL_XAM_RULE='%.xam:       %.xml.in       $(INTLTOOL_MERGE) $(wildcard $(top_srcdir)/po/*.po) ; LC_ALL=C $(INTLTOOL_MERGE) -x -u -c $(top_builddir)/po/.intltool-merge-cache $(top_srcdir)/po $< $@'
INTLTOOL_XML_NOMERGE_RULE='%.xml:       %.xml.in       $(INTLTOOL_MERGE) ; LC_ALL=C $(INTLTOOL_MERGE) -x -u /tmp $< $@'
INTLTOOL_XML_RULE='%.xml:       %.xml.in       $(INTLTOOL_MERGE) $(wildcard $(top_srcdir)/po/*.po) ; LC_ALL=C $(INTLTOOL_MERGE) -x -u -c $(top_builddir)/po/.intltool-merge-cache $(top_srcdir)/po $< $@'
LDFLAGS='-L/usr/local/openmoko/arm/arm-angstrom-linux-gnueabi/lib -Wl,-rpath-link,/usr/local/openmoko/arm/arm-angstrom-linux-gnueabi/lib -Wl,-O1'
LIBOBJS=''
LIBS=''
LIBTOOL='$(SHELL) $(top_builddir)/libtool'
LN_S='ln -s'
LTLIBOBJS=''
MAINT='#'
MAINTAINER_MODE_FALSE=''
MAINTAINER_MODE_TRUE='#'
MAKEINFO='${SHELL} /home/ito/workspace/guitartune/missing --run makeinfo'
MKDIR_P='/bin/mkdir -p'
MKINSTALLDIRS='./mkinstalldirs'
MSGFMT='/usr/bin/msgfmt'
MSGFMT_OPTS='-c'
MSGMERGE='/usr/bin/msgmerge'
NMEDIT=''
OBJEXT='o'
PACKAGE='guitartune'
PACKAGE_BUGREPORT=''
PACKAGE_NAME='guitartune'
PACKAGE_STRING='guitartune 0.1'
PACKAGE_TARNAME='guitartune'
PACKAGE_VERSION='0.1'
PATH_SEPARATOR=':'
PKG_CONFIG='/usr/local/openmoko/arm/bin/pkg-config'
POFILES=''
POSUB='po'
PO_IN_DATADIR_FALSE=''
PO_IN_DATADIR_TRUE=''
RANLIB='arm-angstrom-linux-gnueabi-ranlib'
SED='/bin/sed'
SET_MAKE=''
SHELL='/bin/bash'
STRIP='arm-angstrom-linux-gnueabi-strip'
USE_NLS='yes'
VERSION='0.1'
XGETTEXT='/usr/bin/xgettext'
ac_ct_CC=''
ac_ct_CXX=''
ac_ct_F77=''
am__fastdepCC_FALSE='#'
am__fastdepCC_TRUE=''
am__fastdepCXX_FALSE='#'
am__fastdepCXX_TRUE=''
am__include='include'
am__isrc=''
am__leading_dot='.'
am__quote=''
am__tar='${AMTAR} chof - "$$tardir"'
am__untar='${AMTAR} xf -'
bindir='${exec_prefix}/bin'
build='x86_64-unknown-linux-gnu'
build_alias=''
build_cpu='x86_64'
build_os='linux-gnu'
build_vendor='unknown'
datadir='${datarootdir}'
datarootdir='${prefix}/share'
docdir='${datarootdir}/doc/${PACKAGE_TARNAME}'
dvidir='${docdir}'
exec_prefix='${prefix}'
host='arm-angstrom-linux-gnueabi'
host_alias='arm-angstrom-linux-gnueabi'
host_cpu='arm'
host_os='linux-gnueabi'
host_vendor='angstrom'
htmldir='${docdir}'
includedir='${prefix}/include'
infodir='${datarootdir}/info'
install_sh='$(SHELL) /home/ito/workspace/guitartune/install-sh'
libdir='${exec_prefix}/lib'
libexecdir='${exec_prefix}/libexec'
localedir='${datarootdir}/locale'
localstatedir='${prefix}/var'
mandir='${datarootdir}/man'
mkdir_p='/bin/mkdir -p'
oldincludedir='/usr/include'
pdfdir='${docdir}'
prefix='/usr/local/openmoko/arm/arm-angstrom-linux-gnueabi/usr'
program_transform_name='s,x,x,'
psdir='${docdir}'
sbindir='${exec_prefix}/sbin'
sharedstatedir='${prefix}/com'
sysconfdir='${prefix}/etc'
target_alias=''

## ----------- ##
## confdefs.h. ##
## ----------- ##

#define PACKAGE_NAME "guitartune"
#define PACKAGE_TARNAME "guitartune"
#define PACKAGE_VERSION "0.1"
#define PACKAGE_STRING "guitartune 0.1"
#define PACKAGE_BUGREPORT ""
#define PACKAGE "guitartune"
#define VERSION "0.1"
#define STDC_HEADERS 1
#define GETTEXT_PACKAGE "guitartune"
#define HAVE_SYS_TYPES_H 1
#define HAVE_SYS_STAT_H 1
#define HAVE_STDLIB_H 1
#define HAVE_STRING_H 1
#define HAVE_MEMORY_H 1
#define HAVE_STRINGS_H 1
#define HAVE_INTTYPES_H 1
#define HAVE_STDINT_H 1
#define HAVE_UNISTD_H 1
#define HAVE_LOCALE_H 1
#define HAVE_LC_MESSAGES 1
#define HAVE_BIND_TEXTDOMAIN_CODESET 1
#define HAVE_GETTEXT 1
#define HAVE_DCGETTEXT 1
#define ENABLE_NLS 1
#define HAVE_DLFCN_H 1

configure: exit 0
